<?xml version="1.0" encoding="UTF-8"?>
<!-- Generated by org.testng.reporters.JUnitXMLReporter -->
<testsuite ignored="2" hostname="DESKTOP-SP8UJ8Q" failures="0" tests="2" name="Test" time="149.931" errors="0" timestamp="2022-08-08T10:36:55 IST">
  <testcase classname="script.ValidLogin" name="testValidLogin" time="17.323"/>
  <testcase classname="script.InvalidLogin" name="testInValidLogin" time="2.11"/>
  <testcase classname="generic.BaseTest" name="@BeforeSuite initReport" time="0.0">
    <ignored/>
  </testcase> <!-- @BeforeSuite initReport -->
  <testcase classname="generic.BaseTest" name="@AfterSuite publishReport" time="0.0">
    <ignored/>
  </testcase> <!-- @AfterSuite publishReport -->
</testsuite> <!-- Test -->
