<?xml version="1.0" encoding="UTF-8"?>
<testng-results ignored="0" total="1" passed="1" failed="0" skipped="0">
  <reporter-output>
    <line>
      <![CDATA[Enter Valid User Name]]>
    </line>
    <line>
      <![CDATA[Enter Valid Password]]>
    </line>
    <line>
      <![CDATA[Click On Login Button]]>
    </line>
    <line>
      <![CDATA[Verify HomePage Is Not Displayed]]>
    </line>
    <line>
      <![CDATA[HomePage Is Not Displayed]]>
    </line>
    <line>
      <![CDATA[HomePage Is Displayed]]>
    </line>
  </reporter-output>
  <suite started-at="2022-08-08T16:49:48 IST" name="Default suite" finished-at="2022-08-08T16:50:01 IST" duration-ms="12448">
    <groups>
      <group name="smoke">
        <method signature="ValidLogin.testValidLogin(java.lang.String,java.lang.String,java.lang.String)[pri:1, instance:script.ValidLogin@4d5650ae]" name="testValidLogin" class="script.ValidLogin"/>
      </group> <!-- smoke -->
    </groups>
    <test started-at="2022-08-08T16:49:48 IST" name="Default test" finished-at="2022-08-08T16:50:01 IST" duration-ms="12448">
      <class name="script.ValidLogin">
        <test-method is-config="true" signature="initReport()[pri:0, instance:script.ValidLogin@4d5650ae]" started-at="2022-08-08T16:49:48 IST" name="initReport" finished-at="2022-08-08T16:49:48 IST" duration-ms="339" status="PASS">
          <reporter-output>
          </reporter-output>
        </test-method> <!-- initReport -->
        <test-method is-config="true" signature="createTest(java.lang.reflect.Method)[pri:0, instance:script.ValidLogin@4d5650ae]" started-at="2022-08-08T16:49:50 IST" name="createTest" finished-at="2022-08-08T16:49:50 IST" duration-ms="9" status="PASS">
          <params>
            <param index="0">
              <value>
                <![CDATA[public void script.ValidLogin.testValidLogin(java.lang.String,java.lang.String,java.lang.String)]]>
              </value>
            </param>
          </params>
          <reporter-output>
          </reporter-output>
        </test-method> <!-- createTest -->
        <test-method is-config="true" signature="openApp(java.lang.String)[pri:0, instance:script.ValidLogin@4d5650ae]" started-at="2022-08-08T16:49:50 IST" name="openApp" finished-at="2022-08-08T16:49:57 IST" duration-ms="7653" status="PASS">
          <params>
            <param index="0">
              <value>
                <![CDATA[./config.properties]]>
              </value>
            </param>
          </params>
          <reporter-output>
          </reporter-output>
        </test-method> <!-- openApp -->
        <test-method signature="testValidLogin(java.lang.String,java.lang.String,java.lang.String)[pri:1, instance:script.ValidLogin@4d5650ae]" started-at="2022-08-08T16:49:57 IST" name="testValidLogin" data-provider="getData" finished-at="2022-08-08T16:50:01 IST" duration-ms="3255" status="PASS">
          <params>
            <param index="0">
              <value>
                <![CDATA[admin]]>
              </value>
            </param>
            <param index="1">
              <value>
                <![CDATA[manager]]>
              </value>
            </param>
            <param index="2">
              <value>
                <![CDATA[actiTIME - Enter Time-Track]]>
              </value>
            </param>
          </params>
          <reporter-output>
            <line>
              <![CDATA[Enter Valid User Name]]>
            </line>
            <line>
              <![CDATA[Enter Valid Password]]>
            </line>
            <line>
              <![CDATA[Click On Login Button]]>
            </line>
            <line>
              <![CDATA[Verify HomePage Is Not Displayed]]>
            </line>
            <line>
              <![CDATA[HomePage Is Not Displayed]]>
            </line>
            <line>
              <![CDATA[HomePage Is Displayed]]>
            </line>
          </reporter-output>
        </test-method> <!-- testValidLogin -->
        <test-method is-config="true" signature="closeApp(org.testng.ITestResult,java.lang.reflect.Method)[pri:0, instance:script.ValidLogin@4d5650ae]" started-at="2022-08-08T16:50:01 IST" name="closeApp" finished-at="2022-08-08T16:50:01 IST" duration-ms="344" status="PASS">
          <params>
            <param index="0">
              <value>
                <![CDATA[[TestResult name=testValidLogin status=SUCCESS method=ValidLogin.testValidLogin(java.lang.String,java.lang.String,java.lang.String)[pri:1, instance:script.ValidLogin@4d5650ae] output=Enter Valid User Name]]]>
              </value>
            </param>
            <param index="1">
              <value>
                <![CDATA[public void script.ValidLogin.testValidLogin(java.lang.String,java.lang.String,java.lang.String)]]>
              </value>
            </param>
          </params>
          <reporter-output>
          </reporter-output>
        </test-method> <!-- closeApp -->
        <test-method is-config="true" signature="publishReport()[pri:0, instance:script.ValidLogin@4d5650ae]" started-at="2022-08-08T16:50:01 IST" name="publishReport" finished-at="2022-08-08T16:50:01 IST" duration-ms="294" status="PASS">
          <reporter-output>
          </reporter-output>
        </test-method> <!-- publishReport -->
      </class> <!-- script.ValidLogin -->
    </test> <!-- Default test -->
  </suite> <!-- Default suite -->
</testng-results>
