<?xml version="1.0" encoding="UTF-8"?>
<testng-results ignored="2" total="4" passed="2" failed="0" skipped="0">
  <reporter-output>
    <line>
      <![CDATA[Enter Valid User Name]]>
    </line>
    <line>
      <![CDATA[Enter Valid Password]]>
    </line>
    <line>
      <![CDATA[Click On Login Button]]>
    </line>
    <line>
      <![CDATA[Verify HomePage Is Not Displayed]]>
    </line>
    <line>
      <![CDATA[HomePage Is Not Displayed]]>
    </line>
    <line>
      <![CDATA[HomePage Is Displayed]]>
    </line>
    <line>
      <![CDATA[Enter The User Name]]>
    </line>
    <line>
      <![CDATA[Enter The Password]]>
    </line>
    <line>
      <![CDATA[Click On Login Button]]>
    </line>
    <line>
      <![CDATA[Verify Error Message Is Displayed]]>
    </line>
    <line>
      <![CDATA[Error Message Is Not Displayed]]>
    </line>
    <line>
      <![CDATA[ErrorMessage Is Displayed]]>
    </line>
  </reporter-output>
  <suite started-at="2022-08-08T10:34:25 IST" name="Suite" finished-at="2022-08-08T10:36:55 IST" duration-ms="149931">
    <groups>
      <group name="smoke">
        <method signature="InvalidLogin.testInValidLogin(java.lang.String,java.lang.String)[pri:2, instance:script.InvalidLogin@5824a83d]" name="testInValidLogin" class="script.InvalidLogin"/>
        <method signature="ValidLogin.testValidLogin(java.lang.String,java.lang.String,java.lang.String)[pri:1, instance:script.ValidLogin@6340e5f0]" name="testValidLogin" class="script.ValidLogin"/>
      </group> <!-- smoke -->
    </groups>
    <test started-at="2022-08-08T10:34:25 IST" name="Test" finished-at="2022-08-08T10:36:55 IST" duration-ms="149931">
      <class name="script.InvalidLogin">
        <test-method is-config="true" signature="initReport()[pri:0, instance:script.InvalidLogin@5824a83d]" started-at="2022-08-08T10:34:18 IST" name="initReport" finished-at="2022-08-08T10:34:25 IST" duration-ms="6657" status="PASS">
          <reporter-output>
          </reporter-output>
        </test-method> <!-- initReport -->
        <test-method is-config="true" signature="createTest(java.lang.reflect.Method)[pri:0, instance:script.InvalidLogin@5824a83d]" started-at="2022-08-08T10:36:18 IST" name="createTest" finished-at="2022-08-08T10:36:18 IST" duration-ms="1" status="PASS">
          <params>
            <param index="0">
              <value>
                <![CDATA[public void script.InvalidLogin.testInValidLogin(java.lang.String,java.lang.String)]]>
              </value>
            </param>
          </params>
          <reporter-output>
          </reporter-output>
        </test-method> <!-- createTest -->
        <test-method is-config="true" signature="openApp(java.lang.String)[pri:0, instance:script.InvalidLogin@5824a83d]" started-at="2022-08-08T10:36:18 IST" name="openApp" finished-at="2022-08-08T10:36:52 IST" duration-ms="34273" status="PASS">
          <params>
            <param index="0">
              <value>
                <![CDATA[qa_config.properties]]>
              </value>
            </param>
          </params>
          <reporter-output>
          </reporter-output>
        </test-method> <!-- openApp -->
        <test-method signature="testInValidLogin(java.lang.String,java.lang.String)[pri:2, instance:script.InvalidLogin@5824a83d]" started-at="2022-08-08T10:36:52 IST" name="testInValidLogin" data-provider="getData" finished-at="2022-08-08T10:36:54 IST" duration-ms="2110" status="PASS">
          <params>
            <param index="0">
              <value>
                <![CDATA[a]]>
              </value>
            </param>
            <param index="1">
              <value>
                <![CDATA[b]]>
              </value>
            </param>
          </params>
          <reporter-output>
            <line>
              <![CDATA[Enter The User Name]]>
            </line>
            <line>
              <![CDATA[Enter The Password]]>
            </line>
            <line>
              <![CDATA[Click On Login Button]]>
            </line>
            <line>
              <![CDATA[Verify Error Message Is Displayed]]>
            </line>
            <line>
              <![CDATA[Error Message Is Not Displayed]]>
            </line>
            <line>
              <![CDATA[ErrorMessage Is Displayed]]>
            </line>
          </reporter-output>
        </test-method> <!-- testInValidLogin -->
        <test-method is-config="true" signature="closeApp(org.testng.ITestResult,java.lang.reflect.Method)[pri:0, instance:script.InvalidLogin@5824a83d]" started-at="2022-08-08T10:36:54 IST" name="closeApp" finished-at="2022-08-08T10:36:55 IST" duration-ms="514" status="PASS">
          <params>
            <param index="0">
              <value>
                <![CDATA[[TestResult name=testInValidLogin status=SUCCESS method=InvalidLogin.testInValidLogin(java.lang.String,java.lang.String)[pri:2, instance:script.InvalidLogin@5824a83d] output=Enter The User Name]]]>
              </value>
            </param>
            <param index="1">
              <value>
                <![CDATA[public void script.InvalidLogin.testInValidLogin(java.lang.String,java.lang.String)]]>
              </value>
            </param>
          </params>
          <reporter-output>
          </reporter-output>
        </test-method> <!-- closeApp -->
        <test-method is-config="true" signature="publishReport()[pri:0, instance:script.InvalidLogin@5824a83d]" started-at="2022-08-08T10:36:55 IST" name="publishReport" finished-at="2022-08-08T10:36:56 IST" duration-ms="817" status="PASS">
          <reporter-output>
          </reporter-output>
        </test-method> <!-- publishReport -->
      </class> <!-- script.InvalidLogin -->
      <class name="script.ValidLogin">
        <test-method is-config="true" signature="createTest(java.lang.reflect.Method)[pri:0, instance:script.ValidLogin@6340e5f0]" started-at="2022-08-08T10:34:41 IST" name="createTest" finished-at="2022-08-08T10:34:42 IST" duration-ms="516" status="PASS">
          <params>
            <param index="0">
              <value>
                <![CDATA[public void script.ValidLogin.testValidLogin(java.lang.String,java.lang.String,java.lang.String)]]>
              </value>
            </param>
          </params>
          <reporter-output>
          </reporter-output>
        </test-method> <!-- createTest -->
        <test-method is-config="true" signature="openApp(java.lang.String)[pri:0, instance:script.ValidLogin@6340e5f0]" started-at="2022-08-08T10:34:42 IST" name="openApp" finished-at="2022-08-08T10:35:59 IST" duration-ms="77080" status="PASS">
          <params>
            <param index="0">
              <value>
                <![CDATA[qa_config.properties]]>
              </value>
            </param>
          </params>
          <reporter-output>
          </reporter-output>
        </test-method> <!-- openApp -->
        <test-method signature="testValidLogin(java.lang.String,java.lang.String,java.lang.String)[pri:1, instance:script.ValidLogin@6340e5f0]" started-at="2022-08-08T10:35:59 IST" name="testValidLogin" data-provider="getData" finished-at="2022-08-08T10:36:16 IST" duration-ms="17323" status="PASS">
          <params>
            <param index="0">
              <value>
                <![CDATA[admin]]>
              </value>
            </param>
            <param index="1">
              <value>
                <![CDATA[manager]]>
              </value>
            </param>
            <param index="2">
              <value>
                <![CDATA[actiTIME - Enter Time-Track]]>
              </value>
            </param>
          </params>
          <reporter-output>
            <line>
              <![CDATA[Enter Valid User Name]]>
            </line>
            <line>
              <![CDATA[Enter Valid Password]]>
            </line>
            <line>
              <![CDATA[Click On Login Button]]>
            </line>
            <line>
              <![CDATA[Verify HomePage Is Not Displayed]]>
            </line>
            <line>
              <![CDATA[HomePage Is Not Displayed]]>
            </line>
            <line>
              <![CDATA[HomePage Is Displayed]]>
            </line>
          </reporter-output>
        </test-method> <!-- testValidLogin -->
        <test-method is-config="true" signature="closeApp(org.testng.ITestResult,java.lang.reflect.Method)[pri:0, instance:script.ValidLogin@6340e5f0]" started-at="2022-08-08T10:36:16 IST" name="closeApp" finished-at="2022-08-08T10:36:17 IST" duration-ms="594" status="PASS">
          <params>
            <param index="0">
              <value>
                <![CDATA[[TestResult name=testValidLogin status=SUCCESS method=ValidLogin.testValidLogin(java.lang.String,java.lang.String,java.lang.String)[pri:1, instance:script.ValidLogin@6340e5f0] output=Enter Valid User Name]]]>
              </value>
            </param>
            <param index="1">
              <value>
                <![CDATA[public void script.ValidLogin.testValidLogin(java.lang.String,java.lang.String,java.lang.String)]]>
              </value>
            </param>
          </params>
          <reporter-output>
          </reporter-output>
        </test-method> <!-- closeApp -->
      </class> <!-- script.ValidLogin -->
    </test> <!-- Test -->
  </suite> <!-- Suite -->
</testng-results>
